<?xml version="1.0" encoding="UTF-8"?>
<!-- Generated by org.testng.reporters.JUnitXMLReporter -->
<testsuite hostname="IL013298" ignored="2" name="Test" tests="1" failures="0" timestamp="31 Oct 2018 10:24:50 GMT" time="0.022" errors="0">
  <testcase name="@BeforeSuite initialize" time="0.048" classname="tests.TestBase">
    <failure type="java.lang.IllegalStateException" message="The driver executable does not exist: E:\Automation\EbizAuto\MavenProject\src\test\java\drivers\chromedriver.exe">
      <![CDATA[java.lang.IllegalStateException: The driver executable does not exist: E:\Automation\EbizAuto\MavenProject\src\test\java\drivers\chromedriver.exe
at com.google.common.base.Preconditions.checkState(Preconditions.java:176)
at org.openqa.selenium.remote.service.DriverService.checkExecutable(DriverService.java:117)
at org.openqa.selenium.remote.service.DriverService.findExecutable(DriverService.java:112)
at org.openqa.selenium.chrome.ChromeDriverService.createDefaultService(ChromeDriverService.java:75)
at org.openqa.selenium.chrome.ChromeDriver.<init>(ChromeDriver.java:107)
at tests.TestBase.initialize(TestBase.java:18)
... Removed 20 stack frames]]>
    </failure>
  </testcase> <!-- @BeforeSuite initialize -->
  <testcase name="init" time="0.0" classname="tests.FBLoginTest">
    <skipped/>
  </testcase> <!-- init -->
  <testcase name="@AfterSuite TeardownTest" time="0.0" classname="tests.TestBase">
    <ignored/>
  </testcase> <!-- @AfterSuite TeardownTest -->
  <testcase name="@BeforeSuite initialize" time="0.0" classname="tests.TestBase">
    <ignored/>
  </testcase> <!-- @BeforeSuite initialize -->
</testsuite> <!-- Test -->
